  OpenCVApplication.cpp
e:\ip2\opencvapplication-vs2017_ocv340_basic\opencvapplication-vs2017_ocv340_basic\opencvapplication.cpp(480): warning C4244: 'argument': conversion from 'double' to 'uchar', possible loss of data
e:\ip2\opencvapplication-vs2017_ocv340_basic\opencvapplication-vs2017_ocv340_basic\opencvapplication.cpp(635): warning C4002: too many arguments for function-like macro invocation 'max'
e:\ip2\opencvapplication-vs2017_ocv340_basic\opencvapplication-vs2017_ocv340_basic\opencvapplication.cpp(636): warning C4002: too many arguments for function-like macro invocation 'min'
e:\ip2\opencvapplication-vs2017_ocv340_basic\opencvapplication-vs2017_ocv340_basic\opencvapplication.cpp(655): warning C4244: '=': conversion from 'float' to '_Tp', possible loss of data
          with
          [
              _Tp=uchar
          ]
e:\ip2\opencvapplication-vs2017_ocv340_basic\opencvapplication-vs2017_ocv340_basic\opencvapplication.cpp(656): warning C4244: '=': conversion from 'float' to '_Tp', possible loss of data
          with
          [
              _Tp=uchar
          ]
e:\ip2\opencvapplication-vs2017_ocv340_basic\opencvapplication-vs2017_ocv340_basic\opencvapplication.cpp(657): warning C4244: '=': conversion from 'float' to '_Tp', possible loss of data
          with
          [
              _Tp=uchar
          ]
e:\ip2\opencvapplication-vs2017_ocv340_basic\opencvapplication-vs2017_ocv340_basic\opencvapplication.cpp(764): warning C4305: 'initializing': truncation from 'double' to 'float'
e:\ip2\opencvapplication-vs2017_ocv340_basic\opencvapplication-vs2017_ocv340_basic\opencvapplication.cpp(817): warning C4305: 'initializing': truncation from 'double' to 'float'
e:\ip2\opencvapplication-vs2017_ocv340_basic\opencvapplication-vs2017_ocv340_basic\opencvapplication.cpp(880): warning C4305: 'initializing': truncation from 'double' to 'float'
e:\ip2\opencvapplication-vs2017_ocv340_basic\opencvapplication-vs2017_ocv340_basic\opencvapplication.cpp(962): warning C4101: 'res': unreferenced local variable
e:\ip2\opencvapplication-vs2017_ocv340_basic\opencvapplication-vs2017_ocv340_basic\opencvapplication.cpp(705): warning C4172: returning address of local variable or temporary: rez
e:\ip2\opencvapplication-vs2017_ocv340_basic\opencvapplication-vs2017_ocv340_basic\opencvapplication.cpp(726): warning C4172: returning address of local variable or temporary: rez
  OpenCVApplication.vcxproj -> E:\IP2\OpenCVApplication-VS2017_OCV340_basic\OpenCVApplication-VS2017_OCV340_basic\x64\Debug\OpenCVApplication.exe
  OpenCV\dll\Debug\opencv_ffmpeg340_64.dll
  OpenCV\dll\Debug\opencv_world340d.dll
          2 file(s) copied.
